<?xml version="1.0" encoding="UTF-8"?>
<!-- Generated by org.testng.reporters.JUnitReportReporter -->
<testsuite hostname="mimi" name="com.digitnexus.core.id.SimpleIdGenerateUtilTest" tests="20" failures="0" timestamp="22 May 2013 12:54:25 GMT" time="0.093" errors="0">
  <testcase name="generateStrId" time="0.000" classname="com.digitnexus.core.id.SimpleIdGenerateUtilTest"/>
  <testcase name="generateStrId" time="0.000" classname="com.digitnexus.core.id.SimpleIdGenerateUtilTest"/>
  <testcase name="generateStrId" time="0.000" classname="com.digitnexus.core.id.SimpleIdGenerateUtilTest"/>
  <testcase name="generateStrId" time="0.000" classname="com.digitnexus.core.id.SimpleIdGenerateUtilTest"/>
  <testcase name="generateStrId" time="0.000" classname="com.digitnexus.core.id.SimpleIdGenerateUtilTest"/>
  <testcase name="generateStrId" time="0.000" classname="com.digitnexus.core.id.SimpleIdGenerateUtilTest"/>
  <testcase name="generateStrId" time="0.031" classname="com.digitnexus.core.id.SimpleIdGenerateUtilTest"/>
  <testcase name="generateStrId" time="0.000" classname="com.digitnexus.core.id.SimpleIdGenerateUtilTest"/>
  <testcase name="generateStrId" time="0.000" classname="com.digitnexus.core.id.SimpleIdGenerateUtilTest"/>
  <testcase name="generateStrId" time="0.000" classname="com.digitnexus.core.id.SimpleIdGenerateUtilTest"/>
  <testcase name="generateStrId" time="0.000" classname="com.digitnexus.core.id.SimpleIdGenerateUtilTest"/>
  <testcase name="generateStrId" time="0.016" classname="com.digitnexus.core.id.SimpleIdGenerateUtilTest"/>
  <testcase name="generateStrId" time="0.031" classname="com.digitnexus.core.id.SimpleIdGenerateUtilTest"/>
  <testcase name="generateStrId" time="0.000" classname="com.digitnexus.core.id.SimpleIdGenerateUtilTest"/>
  <testcase name="generateStrId" time="0.000" classname="com.digitnexus.core.id.SimpleIdGenerateUtilTest"/>
  <testcase name="generateStrId" time="0.000" classname="com.digitnexus.core.id.SimpleIdGenerateUtilTest"/>
  <testcase name="generateStrId" time="0.000" classname="com.digitnexus.core.id.SimpleIdGenerateUtilTest"/>
  <testcase name="generateStrId" time="0.000" classname="com.digitnexus.core.id.SimpleIdGenerateUtilTest"/>
  <testcase name="generateStrId" time="0.000" classname="com.digitnexus.core.id.SimpleIdGenerateUtilTest"/>
  <testcase name="generateStrId" time="0.015" classname="com.digitnexus.core.id.SimpleIdGenerateUtilTest"/>
</testsuite> <!-- com.digitnexus.core.id.SimpleIdGenerateUtilTest -->
